Added Component: Designator=C1(CAP1206)
Add component. Clean all parameters for all variants
Add component (AddParameter): Name = "Digikey Link"; Value = "https://www.digikey.com/product-detail/en/CL31A226MOCLNNC/1276-2728-1-ND/3890814/?itemSeq=304982363"; VariantName = "[No Variations]"
Add component (AddParameter): Name = "Digikey Part"; Value = "1276-2728-1-ND"; VariantName = "[No Variations]"
Add component (AddParameter): Name = "Value"; Value = "CAP CER 22UF 16V X5R 1206"; VariantName = "[No Variations]"
Added Component: Designator=C2(CAP1206)
Add component. Clean all parameters for all variants
Add component (AddParameter): Name = "Digikey Link"; Value = "https://www.digikey.com/product-detail/en/CL31A226MOCLNNC/1276-2728-1-ND/3890814/?itemSeq=304982363"; VariantName = "[No Variations]"
Add component (AddParameter): Name = "Digikey Part"; Value = "1276-2728-1-ND"; VariantName = "[No Variations]"
Add component (AddParameter): Name = "Value"; Value = "CAP CER 22UF 16V X5R 1206"; VariantName = "[No Variations]"
Added Component: Designator=C3(CAP1206)
Add component. Clean all parameters for all variants
Add component (AddParameter): Name = "Digikey Link"; Value = "https://www.digikey.com/product-detail/en/CL31A226MOCLNNC/1276-2728-1-ND/3890814/?itemSeq=304982363"; VariantName = "[No Variations]"
Add component (AddParameter): Name = "Digikey Part"; Value = "1276-2728-1-ND"; VariantName = "[No Variations]"
Add component (AddParameter): Name = "Value"; Value = "CAP CER 22UF 16V X5R 1206"; VariantName = "[No Variations]"
Added Component: Designator=C4(CAP1206)
Add component. Clean all parameters for all variants
Add component (AddParameter): Name = "Digikey Link"; Value = "https://www.digikey.com/product-detail/en/CL31A226MOCLNNC/1276-2728-1-ND/3890814/?itemSeq=304982363"; VariantName = "[No Variations]"
Add component (AddParameter): Name = "Digikey Part"; Value = "1276-2728-1-ND"; VariantName = "[No Variations]"
Add component (AddParameter): Name = "Value"; Value = "CAP CER 22UF 16V X5R 1206"; VariantName = "[No Variations]"
Added Component: Designator=C5(CAP1206)
Add component. Clean all parameters for all variants
Add component (AddParameter): Name = "Digikey Link"; Value = "https://www.digikey.com/product-detail/en/885012008011/732-7867-1-ND/5454494/?itemSeq=304982362"; VariantName = "[No Variations]"
Add component (AddParameter): Name = "Digikey Part"; Value = "732-7867-1-ND"; VariantName = "[No Variations]"
Add component (AddParameter): Name = "Value"; Value = "CAP CER 22PF 16V C0G/NP0 1206"; VariantName = "[No Variations]"
Added Component: Designator=C6(CAP1206)
Add component. Clean all parameters for all variants
Add component (AddParameter): Name = "Digikey Link"; Value = "https://www.digikey.com/product-detail/en/CL31A226MOCLNNC/1276-2728-1-ND/3890814/?itemSeq=304982363"; VariantName = "[No Variations]"
Add component (AddParameter): Name = "Digikey Part"; Value = "1276-2728-1-ND"; VariantName = "[No Variations]"
Add component (AddParameter): Name = "Value"; Value = "CAP CER 22UF 16V X5R 1206"; VariantName = "[No Variations]"
Added Component: Designator=C7(CAP1206)
Add component. Clean all parameters for all variants
Add component (AddParameter): Name = "Digikey Link"; Value = "https://www.digikey.com/product-detail/en/CL31A226MOCLNNC/1276-2728-1-ND/3890814/?itemSeq=304982363"; VariantName = "[No Variations]"
Add component (AddParameter): Name = "Digikey Part"; Value = "1276-2728-1-ND"; VariantName = "[No Variations]"
Add component (AddParameter): Name = "Value"; Value = "CAP CER 22UF 16V X5R 1206"; VariantName = "[No Variations]"
Added Component: Designator=C8(CAP1206)
Add component. Clean all parameters for all variants
Add component (AddParameter): Name = "Digikey Link"; Value = "https://www.digikey.com/product-detail/en/885012008011/732-7867-1-ND/5454494/?itemSeq=304982362"; VariantName = "[No Variations]"
Add component (AddParameter): Name = "Digikey Part"; Value = "732-7867-1-ND"; VariantName = "[No Variations]"
Add component (AddParameter): Name = "Value"; Value = "CAP CER 22PF 16V C0G/NP0 1206"; VariantName = "[No Variations]"
Added Component: Designator=D1(LED)
Add component. Clean all parameters for all variants
Add component (AddParameter): Name = "Digikey Link"; Value = "https://www.digikey.com/product-detail/en/LTST-C150CKT/160-1167-1-ND/269239/?itemSeq=304982368"; VariantName = "[No Variations]"
Add component (AddParameter): Name = "Digikey Part"; Value = "160-1167-1-ND"; VariantName = "[No Variations]"
Add component (AddParameter): Name = "Value"; Value = "LED RED CLEAR 1206 SMD"; VariantName = "[No Variations]"
Added Component: Designator=D2(LED)
Add component. Clean all parameters for all variants
Add component (AddParameter): Name = "Digikey Link"; Value = "https://www.digikey.com/product-detail/en/LTST-C150CKT/160-1167-1-ND/269239/?itemSeq=304982368"; VariantName = "[No Variations]"
Add component (AddParameter): Name = "Digikey Part"; Value = "160-1167-1-ND"; VariantName = "[No Variations]"
Add component (AddParameter): Name = "Value"; Value = "LED RED CLEAR 1206 SMD"; VariantName = "[No Variations]"
Added Component: Designator=D3(LED)
Add component. Clean all parameters for all variants
Add component (AddParameter): Name = "Digikey Link"; Value = "https://www.digikey.com/product-detail/en/LTST-C150CKT/160-1167-1-ND/269239/?itemSeq=304982368"; VariantName = "[No Variations]"
Add component (AddParameter): Name = "Digikey Part"; Value = "160-1167-1-ND"; VariantName = "[No Variations]"
Add component (AddParameter): Name = "Value"; Value = "LED RED CLEAR 1206 SMD"; VariantName = "[No Variations]"
Added Component: Designator=D4(LED)
Add component. Clean all parameters for all variants
Add component (AddParameter): Name = "Digikey Link"; Value = "https://www.digikey.com/product-detail/en/LTST-C150CKT/160-1167-1-ND/269239/?itemSeq=304982368"; VariantName = "[No Variations]"
Add component (AddParameter): Name = "Digikey Part"; Value = "160-1167-1-ND"; VariantName = "[No Variations]"
Add component (AddParameter): Name = "Value"; Value = "LED RED CLEAR 1206 SMD"; VariantName = "[No Variations]"
Added Component: Designator=D5(LED)
Add component. Clean all parameters for all variants
Add component (AddParameter): Name = "Digikey Link"; Value = "https://www.digikey.com/product-detail/en/LTST-C150CKT/160-1167-1-ND/269239/?itemSeq=304982368"; VariantName = "[No Variations]"
Add component (AddParameter): Name = "Digikey Part"; Value = "160-1167-1-ND"; VariantName = "[No Variations]"
Add component (AddParameter): Name = "Value"; Value = "LED RED CLEAR 1206 SMD"; VariantName = "[No Variations]"
Added Component: Designator=F1(FUSE)
Add component. Clean all parameters for all variants
Add component (AddParameter): Name = "Digikey Link"; Value = "https://www.digikey.com/product-detail/en/MF-MSMF050-2/MF-MSMF050-2CT-ND/662842/?itemSeq=304982360"; VariantName = "[No Variations]"
Add component (AddParameter): Name = "Digikey Part"; Value = "MF-MSMF050-2CT-ND"; VariantName = "[No Variations]"
Add component (AddParameter): Name = "Value"; Value = "PTC RESET FUSE 15V 500MA 1812"; VariantName = "[No Variations]"
Added Component: Designator=IC1(SSOP-28)
Add component. Clean all parameters for all variants
Add component (AddParameter): Name = "Digikey Link"; Value = "https://www.digikey.com/product-detail/en/FT232RL-REEL/768-1007-1-ND/1836402/?itemSeq=304982359"; VariantName = "[No Variations]"
Add component (AddParameter): Name = "Digikey Part"; Value = "768-1007-1-ND"; VariantName = "[No Variations]"
Add component (AddParameter): Name = "Value"; Value = "IC USB FS SERIAL UART 28-SSOP"; VariantName = "[No Variations]"
Added Component: Designator=IC2(SOT223)
Add component. Clean all parameters for all variants
Add component (AddParameter): Name = "Digikey Link"; Value = "https://www.digikey.com/product-detail/en/AZ1117CH-3.3TRG1/AZ1117CH-3.3TRG1DICT-ND/4505206/?itemSeq=304982370"; VariantName = "[No Variations]"
Add component (AddParameter): Name = "Digikey Part"; Value = "AZ1117CH-3.3TRG1DICT-ND"; VariantName = "[No Variations]"
Add component (AddParameter): Name = "Value"; Value = "IC REG LINEAR 3.3V 800MA SOT223"; VariantName = "[No Variations]"
Added Component: Designator=IC3(TQFP)
Add component. Clean all parameters for all variants
Add component (AddParameter): Name = "Digikey Link"; Value = "https://www.digikey.com/product-detail/en/ATMEGA328P-ANR/ATMEGA328P-ANRCT-ND/2774230/?itemSeq=304982365"; VariantName = "[No Variations]"
Add component (AddParameter): Name = "Digikey Part"; Value = "ATMEGA328P-ANRCT-ND"; VariantName = "[No Variations]"
Add component (AddParameter): Name = "Value"; Value = "IC MCU 8BIT 32KB FLASH 32TQFP"; VariantName = "[No Variations]"
Added Component: Designator=J1(XM7D-0512)
Add component. Clean all parameters for all variants
Add component (AddParameter): Name = "Digikey Link"; Value = "https://www.digikey.com/product-detail/en/XM7D-0512/OR1205-ND/4695531/?itemSeq=304982356"; VariantName = "[No Variations]"
Add component (AddParameter): Name = "Digikey Part"; Value = "OR1205-ND"; VariantName = "[No Variations]"
Add component (AddParameter): Name = "Value"; Value = "CONN RCPT USB2.0 MINI B 5P R/A"; VariantName = "[No Variations]"
Added Component: Designator=J2(Power_Jack)
Add component. Clean all parameters for all variants
Add component (AddParameter): Name = "Digikey Link"; Value = "https://www.digikey.com/product-detail/en/PJ-102A/CP-102A-ND/275425/?itemSeq=304982367"; VariantName = "[No Variations]"
Add component (AddParameter): Name = "Digikey Part"; Value = "CP-102A-ND"; VariantName = "[No Variations]"
Add component (AddParameter): Name = "Value"; Value = "CONN PWR JACK 2X5.5MM SOLDER"; VariantName = "[No Variations]"
Added Component: Designator=R1(RES1206)
Add component. Clean all parameters for all variants
Add component (AddParameter): Name = "Digikey Link"; Value = "https://www.digikey.com/product-detail/en/RNCP1206FTD1K00/RNCP1206FTD1K00CT-ND/2240675/?itemSeq=304982373"; VariantName = "[No Variations]"
Add component (AddParameter): Name = "Digikey Part"; Value = "RNCP1206FTD1K00CT-ND"; VariantName = "[No Variations]"
Add component (AddParameter): Name = "Value"; Value = "RES 1K OHM 1% 1/2W 1206"; VariantName = "[No Variations]"
Added Component: Designator=R2(RES1206)
Add component. Clean all parameters for all variants
Add component (AddParameter): Name = "Digikey Link"; Value = "https://www.digikey.com/product-detail/en/RNCP1206FTD1K00/RNCP1206FTD1K00CT-ND/2240675/?itemSeq=304982373"; VariantName = "[No Variations]"
Add component (AddParameter): Name = "Digikey Part"; Value = "RNCP1206FTD1K00CT-ND"; VariantName = "[No Variations]"
Add component (AddParameter): Name = "Value"; Value = "RES 1K OHM 1% 1/2W 1206"; VariantName = "[No Variations]"
Added Component: Designator=R3(RES1206)
Add component. Clean all parameters for all variants
Add component (AddParameter): Name = "Digikey Link"; Value = "https://www.digikey.com/product-detail/en/RMCF1206JT1M00/RMCF1206JT1M00CT-ND/1942830/?itemSeq=304982358"; VariantName = "[No Variations]"
Add component (AddParameter): Name = "Digikey Part"; Value = "Number RMCF1206JT1M00CT-ND"; VariantName = "[No Variations]"
Add component (AddParameter): Name = "Value"; Value = "RES 1M OHM 5% 1/4W 1206"; VariantName = "[No Variations]"
Added Component: Designator=R4(RES1206)
Add component. Clean all parameters for all variants
Add component (AddParameter): Name = "Digikey Link"; Value = "https://www.digikey.com/product-detail/en/RNCP1206FTD1K00/RNCP1206FTD1K00CT-ND/2240675/?itemSeq=304982373"; VariantName = "[No Variations]"
Add component (AddParameter): Name = "Digikey Part"; Value = "RNCP1206FTD1K00CT-ND"; VariantName = "[No Variations]"
Add component (AddParameter): Name = "Value"; Value = "RES 1K OHM 1% 1/2W 1206"; VariantName = "[No Variations]"
Added Component: Designator=R5(RES1206)
Add component. Clean all parameters for all variants
Add component (AddParameter): Name = "Digikey Link"; Value = "https://www.digikey.com/product-detail/en/RNCP1206FTD1K00/RNCP1206FTD1K00CT-ND/2240675/?itemSeq=304982373"; VariantName = "[No Variations]"
Add component (AddParameter): Name = "Digikey Part"; Value = "RNCP1206FTD1K00CT-ND"; VariantName = "[No Variations]"
Add component (AddParameter): Name = "Value"; Value = "RES 1K OHM 1% 1/2W 1206"; VariantName = "[No Variations]"
Added Component: Designator=R6(RES1206)
Add component. Clean all parameters for all variants
Add component (AddParameter): Name = "Digikey Link"; Value = "https://www.digikey.com/product-detail/en/RNCP1206FTD1K00/RNCP1206FTD1K00CT-ND/2240675/?itemSeq=304982373"; VariantName = "[No Variations]"
Add component (AddParameter): Name = "Digikey Part"; Value = "RNCP1206FTD1K00CT-ND"; VariantName = "[No Variations]"
Add component (AddParameter): Name = "Value"; Value = "RES 1K OHM 1% 1/2W 1206"; VariantName = "[No Variations]"
Added Component: Designator=R7(RES1206)
Add component. Clean all parameters for all variants
Add component (AddParameter): Name = "Digikey Link"; Value = "https://www.digikey.com/product-detail/en/RNCP1206FTD1K00/RNCP1206FTD1K00CT-ND/2240675/?itemSeq=304982373"; VariantName = "[No Variations]"
Add component (AddParameter): Name = "Digikey Part"; Value = "RNCP1206FTD1K00CT-ND"; VariantName = "[No Variations]"
Add component (AddParameter): Name = "Value"; Value = "RES 1K OHM 1% 1/2W 1206"; VariantName = "[No Variations]"
Added Component: Designator=R8(RES1206)
Add component. Clean all parameters for all variants
Add component (AddParameter): Name = "Digikey Link"; Value = "https://www.digikey.com/product-detail/en/RMCF1206JT1M00/RMCF1206JT1M00CT-ND/1942830/?itemSeq=304982358"; VariantName = "[No Variations]"
Add component (AddParameter): Name = "Digikey Part"; Value = "Number RMCF1206JT1M00CT-ND"; VariantName = "[No Variations]"
Add component (AddParameter): Name = "Value"; Value = "RES 1M OHM 5% 1/4W 1206"; VariantName = "[No Variations]"
Added Component: Designator=R9(RES1206)
Add component. Clean all parameters for all variants
Add component (AddParameter): Name = "Digikey Link"; Value = "https://www.digikey.com/product-detail/en/RNCP1206FTD1K00/RNCP1206FTD1K00CT-ND/2240675/?itemSeq=304982373"; VariantName = "[No Variations]"
Add component (AddParameter): Name = "Digikey Part"; Value = "RNCP1206FTD1K00CT-ND"; VariantName = "[No Variations]"
Add component (AddParameter): Name = "Value"; Value = "RES 1K OHM 1% 1/2W 1206"; VariantName = "[No Variations]"
Added Component: Designator=S1(Switch)
Add component. Clean all parameters for all variants
Add component (AddParameter): Name = "Digikey Link"; Value = "https://www.digikey.com/product-detail/en/TL3305AF160QG/EG5350CT-ND/5816195/?itemSeq=304982361"; VariantName = "[No Variations]"
Add component (AddParameter): Name = "Digikey Part"; Value = "EG5350CT-ND"; VariantName = "[No Variations]"
Add component (AddParameter): Name = "Value"; Value = "SWITCH TACTILE SPST-NO 50MA 12V"; VariantName = "[No Variations]"
Added Component: Designator=X1(Crystal)
Add component. Clean all parameters for all variants
Add component (AddParameter): Name = "Digikey Link"; Value = "https://www.digikey.com/product-detail/en/ABLS-16.000MHZ-B4-T/535-10226-1-ND/2184261/?itemSeq=304982364"; VariantName = "[No Variations]"
Add component (AddParameter): Name = "Digikey Part"; Value = "535-10226-1-ND"; VariantName = "[No Variations]"
Add component (AddParameter): Name = "Value"; Value = "CRYSTAL 16.0000MHZ 18PF SMD"; VariantName = "[No Variations]"
Added Pin To Net: NetName=+3.3V Pin=C4-2
Added Pin To Net: NetName=+3.3V Pin=IC2-2
Added Pin To Net: NetName=+3.3V Pin=IC2-4
Added Pin To Net: NetName=+3.3V Pin=R7-2
Added Net: Name=+3.3V
Added Pin To Net: NetName=+5V Pin=C3-1
Added Pin To Net: NetName=+5V Pin=C7-2
Added Pin To Net: NetName=+5V Pin=IC2-3
Added Pin To Net: NetName=+5V Pin=IC3-4
Added Pin To Net: NetName=+5V Pin=IC3-6
Added Pin To Net: NetName=+5V Pin=IC3-18
Added Pin To Net: NetName=+5V Pin=J2-1
Added Pin To Net: NetName=+5V Pin=R3-1
Added Pin To Net: NetName=+5V Pin=R4-2
Added Pin To Net: NetName=+5V Pin=R5-2
Added Pin To Net: NetName=+5V Pin=R6-2
Added Pin To Net: NetName=+5V Pin=R8-2
Added Net: Name=+5V
Added Pin To Net: NetName=AD0 Pin=IC3-23
Added Net: Name=AD0
Added Pin To Net: NetName=AD1 Pin=IC3-24
Added Net: Name=AD1
Added Pin To Net: NetName=AD2 Pin=IC3-25
Added Net: Name=AD2
Added Pin To Net: NetName=AD3 Pin=IC3-26
Added Net: Name=AD3
Added Pin To Net: NetName=AREF Pin=C6-2
Added Pin To Net: NetName=AREF Pin=IC3-20
Added Net: Name=AREF
Added Pin To Net: NetName=GND Pin=C1-1
Added Pin To Net: NetName=GND Pin=C2-1
Added Pin To Net: NetName=GND Pin=C3-2
Added Pin To Net: NetName=GND Pin=C4-1
Added Pin To Net: NetName=GND Pin=C5-1
Added Pin To Net: NetName=GND Pin=C6-1
Added Pin To Net: NetName=GND Pin=C7-1
Added Pin To Net: NetName=GND Pin=C8-1
Added Pin To Net: NetName=GND Pin=D3-1
Added Pin To Net: NetName=GND Pin=D4-1
Added Pin To Net: NetName=GND Pin=D5-1
Added Pin To Net: NetName=GND Pin=IC1-7
Added Pin To Net: NetName=GND Pin=IC1-18
Added Pin To Net: NetName=GND Pin=IC1-21
Added Pin To Net: NetName=GND Pin=IC1-25
Added Pin To Net: NetName=GND Pin=IC1-26
Added Pin To Net: NetName=GND Pin=IC2-1
Added Pin To Net: NetName=GND Pin=IC3-3
Added Pin To Net: NetName=GND Pin=IC3-5
Added Pin To Net: NetName=GND Pin=IC3-21
Added Pin To Net: NetName=GND Pin=J1-5
Added Pin To Net: NetName=GND Pin=J1-SH1
Added Pin To Net: NetName=GND Pin=J1-SH2
Added Pin To Net: NetName=GND Pin=J1-SH3
Added Pin To Net: NetName=GND Pin=J1-SH4
Added Pin To Net: NetName=GND Pin=J2-2
Added Pin To Net: NetName=GND Pin=S1-1
Added Pin To Net: NetName=GND Pin=S1-2
Added Net: Name=GND
Added Pin To Net: NetName=IO2 Pin=IC3-32
Added Net: Name=IO2
Added Pin To Net: NetName=IO3 Pin=IC3-1
Added Net: Name=IO3
Added Pin To Net: NetName=IO4 Pin=IC3-2
Added Net: Name=IO4
Added Pin To Net: NetName=IO5 Pin=IC3-9
Added Net: Name=IO5
Added Pin To Net: NetName=IO6 Pin=IC3-10
Added Net: Name=IO6
Added Pin To Net: NetName=IO7 Pin=IC3-11
Added Net: Name=IO7
Added Pin To Net: NetName=IO8 Pin=IC3-12
Added Net: Name=IO8
Added Pin To Net: NetName=IO9 Pin=IC3-13
Added Net: Name=IO9
Added Pin To Net: NetName=IO10 Pin=IC3-14
Added Net: Name=IO10
Added Pin To Net: NetName=IO11 Pin=IC3-15
Added Net: Name=IO11
Added Pin To Net: NetName=IO12 Pin=IC3-16
Added Net: Name=IO12
Added Pin To Net: NetName=IO13 Pin=IC3-17
Added Pin To Net: NetName=IO13 Pin=R9-2
Added Net: Name=IO13
Added Pin To Net: NetName=NetC1_2 Pin=C1-2
Added Pin To Net: NetName=NetC1_2 Pin=F1-2
Added Pin To Net: NetName=NetC1_2 Pin=IC1-20
Added Net: Name=NetC1_2
Added Pin To Net: NetName=NetC2_2 Pin=C2-2
Added Pin To Net: NetName=NetC2_2 Pin=IC1-4
Added Pin To Net: NetName=NetC2_2 Pin=IC1-17
Added Pin To Net: NetName=NetC2_2 Pin=IC1-19
Added Net: Name=NetC2_2
Added Pin To Net: NetName=NetC5_2 Pin=C5-2
Added Pin To Net: NetName=NetC5_2 Pin=IC3-7
Added Pin To Net: NetName=NetC5_2 Pin=X1-2
Added Net: Name=NetC5_2
Added Pin To Net: NetName=NetC8_2 Pin=C8-2
Added Pin To Net: NetName=NetC8_2 Pin=IC3-8
Added Pin To Net: NetName=NetC8_2 Pin=X1-1
Added Net: Name=NetC8_2
Added Pin To Net: NetName=NetD1_1 Pin=D1-1
Added Pin To Net: NetName=NetD1_1 Pin=IC1-23
Added Net: Name=NetD1_1
Added Pin To Net: NetName=NetD1_2 Pin=D1-2
Added Pin To Net: NetName=NetD1_2 Pin=R4-1
Added Net: Name=NetD1_2
Added Pin To Net: NetName=NetD2_1 Pin=D2-1
Added Pin To Net: NetName=NetD2_1 Pin=IC1-22
Added Net: Name=NetD2_1
Added Pin To Net: NetName=NetD2_2 Pin=D2-2
Added Pin To Net: NetName=NetD2_2 Pin=R5-1
Added Net: Name=NetD2_2
Added Pin To Net: NetName=NetD3_2 Pin=D3-2
Added Pin To Net: NetName=NetD3_2 Pin=R6-1
Added Net: Name=NetD3_2
Added Pin To Net: NetName=NetD4_2 Pin=D4-2
Added Pin To Net: NetName=NetD4_2 Pin=R7-1
Added Net: Name=NetD4_2
Added Pin To Net: NetName=NetD5_2 Pin=D5-2
Added Pin To Net: NetName=NetD5_2 Pin=R9-1
Added Net: Name=NetD5_2
Added Pin To Net: NetName=NetF1_1 Pin=F1-1
Added Pin To Net: NetName=NetF1_1 Pin=J1-1
Added Net: Name=NetF1_1
Added Pin To Net: NetName=NetIC1_1 Pin=IC1-1
Added Pin To Net: NetName=NetIC1_1 Pin=R1-1
Added Net: Name=NetIC1_1
Added Pin To Net: NetName=NetIC1_5 Pin=IC1-5
Added Pin To Net: NetName=NetIC1_5 Pin=R2-1
Added Net: Name=NetIC1_5
Added Pin To Net: NetName=NetIC1_15 Pin=IC1-15
Added Pin To Net: NetName=NetIC1_15 Pin=J1-3
Added Net: Name=NetIC1_15
Added Pin To Net: NetName=NetIC1_16 Pin=IC1-16
Added Pin To Net: NetName=NetIC1_16 Pin=J1-2
Added Net: Name=NetIC1_16
Added Pin To Net: NetName=RESET Pin=IC1-2
Added Pin To Net: NetName=RESET Pin=IC3-29
Added Pin To Net: NetName=RESET Pin=R3-2
Added Pin To Net: NetName=RESET Pin=R8-1
Added Pin To Net: NetName=RESET Pin=S1-3
Added Pin To Net: NetName=RESET Pin=S1-4
Added Net: Name=RESET
Added Pin To Net: NetName=RX Pin=IC3-30
Added Pin To Net: NetName=RX Pin=R1-2
Added Net: Name=RX
Added Pin To Net: NetName=SCL Pin=IC3-28
Added Net: Name=SCL
Added Pin To Net: NetName=SDA Pin=IC3-27
Added Net: Name=SDA
Added Pin To Net: NetName=TX Pin=IC3-31
Added Pin To Net: NetName=TX Pin=R2-2
Added Net: Name=TX
Added Class: Name=Arduino
Added Room: Name=Arduino
