Removed Pin From Net: NetName=AD0 Pin=J2-1
Removed Pin From Net: NetName=AD1 Pin=J2-2
Removed Pin From Net: NetName=AD2 Pin=J2-3
Removed Pin From Net: NetName=AD3 Pin=J2-4
Removed Pin From Net: NetName=SDA Pin=J2-5
Removed Pin From Net: NetName=SCL Pin=J2-6
Removed Pin From Net: NetName=RX Pin=J3-1
Removed Pin From Net: NetName=TX Pin=J3-2
Removed Pin From Net: NetName=IO2 Pin=J3-3
Removed Pin From Net: NetName=IO3 Pin=J3-4
Removed Pin From Net: NetName=IO4 Pin=J3-5
Removed Pin From Net: NetName=IO5 Pin=J3-6
Removed Pin From Net: NetName=IO6 Pin=J3-7
Removed Pin From Net: NetName=IO7 Pin=J3-8
Removed Pin From Net: NetName=IO8 Pin=J5-1
Removed Pin From Net: NetName=IO9 Pin=J5-2
Removed Pin From Net: NetName=SS Pin=J5-3
Removed Pin From Net: NetName=MOSI Pin=J5-4
Removed Pin From Net: NetName=MISO Pin=J5-5
Removed Pin From Net: NetName=SCK Pin=J5-6
Removed Pin From Net: NetName=GND Pin=J5-7
Removed Pin From Net: NetName=AREF Pin=J5-8
Removed Pin From Net: NetName=SDA Pin=J5-9
Removed Pin From Net: NetName=SCL Pin=J5-10
Removed Pin From Net: NetName=GND Pin=J6-2
Removed Pin From Net: NetName=GND Pin=J6-3
Removed Pin From Net: NetName=+5V Pin=J6-4
Removed Pin From Net: NetName=+3.3V Pin=J6-5
Removed Pin From Net: NetName=RESET Pin=J6-6
Removed Pin From Net: NetName=+5V Pin=J6-7
Removed Pin From Net: NetName=MISO Pin=J?-1
Removed Pin From Net: NetName=SCK Pin=J?-2
Removed Pin From Net: NetName=RESET Pin=J?-3
Removed Pin From Net: NetName=+5V Pin=J?-4
Removed Pin From Net: NetName=MOSI Pin=J?-5
Removed Pin From Net: NetName=GND Pin=J?-6
Removed Member From Class: ClassName=Arduino Member=J4
Removed Member From Class: ClassName=Arduino Member=J5
Removed Member From Class: ClassName=Arduino Member=J6
Removed Member From Class: ClassName=Arduino Member=J?
Change Component Designator: OldDesignator=C3 NewDesignator=C5
Change Component Designator: OldDesignator=C4 NewDesignator=C6
Change Component Designator: OldDesignator=C5 NewDesignator=C7
Change Component Designator: OldDesignator=C6 NewDesignator=C8
Change Component Designator: OldDesignator=C7 NewDesignator=C3
Change Component Designator: OldDesignator=C8 NewDesignator=C4
Change Component Designator: OldDesignator=IC2 NewDesignator=IC3
Change Component Designator: OldDesignator=IC3 NewDesignator=IC2
Change Component Designator: OldDesignator=J4 NewDesignator=J2
Change Component Designator: OldDesignator=R6 NewDesignator=R8
Change Component Designator: OldDesignator=R7 NewDesignator=R6
Change Component Designator: OldDesignator=R8 NewDesignator=R7
Change Net Name : Old Net Name=MISO New Net Name=IO12
Change Net Name : Old Net Name=MOSI New Net Name=IO11
Change Net Name : Old Net Name=NetC3_2 New Net Name=NetC5_2
Change Net Name : Old Net Name=NetC6_2 New Net Name=NetC8_2
Change Net Name : Old Net Name=SCK New Net Name=IO13
Change Net Name : Old Net Name=SS New Net Name=IO10
Added Room: Name=Arduino
