Removed Pin From Net: NetName=RESET Pin=IC1-2
Removed Pin From Net: NetName=RESET Pin=J3-E3
Removed Pin From Net: NetName=+5V Pin=J3-E4
Removed Pin From Net: NetName=RESET Pin=R3-2
Change Component Designator: OldDesignator=C5 NewDesignator=C6
Change Component Designator: OldDesignator=C6 NewDesignator=C7
Change Component Designator: OldDesignator=C7 NewDesignator=C8
Change Component Designator: OldDesignator=C8 NewDesignator=C9
Added Component: Designator=C5(CAP1206)
Add component. Clean all parameters for all variants
Add component (AddParameter): Name = "Digikey Link"; Value = "https://www.digikey.com/product-detail/en/C1206C105M4RACTU/399-8150-1-ND/3471873/?itemSeq=304982366"; VariantName = "[No Variations]"
Add component (AddParameter): Name = "Digikey Part"; Value = "399-8150-1-ND"; VariantName = "[No Variations]"
Add component (AddParameter): Name = "Value"; Value = "CAP CER 1UF 16V X7R 1206"; VariantName = "[No Variations]"
Added Component: Designator=D5(LED)
Add component. Clean all parameters for all variants
Add component (AddParameter): Name = "Digikey Link"; Value = "https://www.digikey.com/product-detail/en/LTST-C150CKT/160-1167-1-ND/269239/?itemSeq=304982368"; VariantName = "[No Variations]"
Add component (AddParameter): Name = "Digikey Part"; Value = "160-1167-1-ND"; VariantName = "[No Variations]"
Add component (AddParameter): Name = "Value"; Value = "LED RED CLEAR 1206 SMD"; VariantName = "[No Variations]"
Added Component: Designator=R9(RES1206)
Add component. Clean all parameters for all variants
Add component (AddParameter): Name = "Digikey Link"; Value = "https://www.digikey.com/product-detail/en/RNCP1206FTD1K00/RNCP1206FTD1K00CT-ND/2240675/?itemSeq=304982373"; VariantName = "[No Variations]"
Add component (AddParameter): Name = "Digikey Part"; Value = "RNCP1206FTD1K00CT-ND"; VariantName = "[No Variations]"
Add component (AddParameter): Name = "Value"; Value = "RES 1K OHM 1% 1/2W 1206"; VariantName = "[No Variations]"
Added Pin To Net: NetName=RESET Pin=C5-2
Added Pin To Net: NetName=GND Pin=D5-1
Added Pin To Net: NetName=IO12 Pin=J3-E1
Added Pin To Net: NetName=+5V Pin=J3-E2
Added Pin To Net: NetName=IO13 Pin=J3-E3
Added Pin To Net: NetName=IO11 Pin=J3-E4
Added Pin To Net: NetName=RESET Pin=J3-E5
Added Pin To Net: NetName=IO13 Pin=R9-2
Change Net Name : Old Net Name=IO10 New Net Name=SS
Change Net Name : Old Net Name=IO11 New Net Name=MOSI
Change Net Name : Old Net Name=IO12 New Net Name=MISO
Change Net Name : Old Net Name=IO13 New Net Name=SCK
Change Net Name : Old Net Name=NetC5_2 New Net Name=NetC6_2
Change Net Name : Old Net Name=NetC8_2 New Net Name=NetC9_2
Added Pin To Net: NetName=DTR Pin=C5-1
Added Pin To Net: NetName=DTR Pin=IC1-2
Added Pin To Net: NetName=DTR Pin=R3-2
Added Net: Name=DTR
Added Pin To Net: NetName=NetD5_2 Pin=D5-2
Added Pin To Net: NetName=NetD5_2 Pin=R9-1
Added Net: Name=NetD5_2
Added Member To Class: ClassName=Arduino Member=Component C9 22pF
Added Member To Class: ClassName=Arduino Member=Component D5 Red
Added Member To Class: ClassName=Arduino Member=Component R9 1k
Added Room: Name=Arduino
