Replace Part C1 1206_22uF in E:\Documents\GitHub\ECEN4013\Arduino\Arduino.SchDoc with 1206_22uF from Arduino.SchLib
Replace Part C2 1206_22uF in E:\Documents\GitHub\ECEN4013\Arduino\Arduino.SchDoc with 1206_22uF from Arduino.SchLib
Replace Part C3 1206_22uF in E:\Documents\GitHub\ECEN4013\Arduino\Arduino.SchDoc with 1206_22uF from Arduino.SchLib
Replace Part C4 1206_22uF in E:\Documents\GitHub\ECEN4013\Arduino\Arduino.SchDoc with 1206_22uF from Arduino.SchLib
Replace Part C5 1206_22pF in E:\Documents\GitHub\ECEN4013\Arduino\Arduino.SchDoc with 1206_22pF from Arduino.SchLib
Replace Part C6 1206_22uF in E:\Documents\GitHub\ECEN4013\Arduino\Arduino.SchDoc with 1206_22uF from Arduino.SchLib
Replace Part C7 1206_22uF in E:\Documents\GitHub\ECEN4013\Arduino\Arduino.SchDoc with 1206_22uF from Arduino.SchLib
Replace Part C8 1206_22pF in E:\Documents\GitHub\ECEN4013\Arduino\Arduino.SchDoc with 1206_22pF from Arduino.SchLib
Replace Part D1 1206_RED_LED in E:\Documents\GitHub\ECEN4013\Arduino\Arduino.SchDoc with 1206_RED_LED from Arduino.SchLib
Replace Part D2 1206_RED_LED in E:\Documents\GitHub\ECEN4013\Arduino\Arduino.SchDoc with 1206_RED_LED from Arduino.SchLib
Replace Part D3 1206_RED_LED in E:\Documents\GitHub\ECEN4013\Arduino\Arduino.SchDoc with 1206_RED_LED from Arduino.SchLib
Replace Part D4 1206_RED_LED in E:\Documents\GitHub\ECEN4013\Arduino\Arduino.SchDoc with 1206_RED_LED from Arduino.SchLib
Replace Part D5 1206_RED_LED in E:\Documents\GitHub\ECEN4013\Arduino\Arduino.SchDoc with 1206_RED_LED from Arduino.SchLib
Replace Part F1 Fuse in E:\Documents\GitHub\ECEN4013\Arduino\Arduino.SchDoc with Fuse from Arduino.SchLib
Replace Part IC1 FTDI in E:\Documents\GitHub\ECEN4013\Arduino\Arduino.SchDoc with FTDI from Arduino.SchLib
Replace Part IC2 3.3V_LDO in E:\Documents\GitHub\ECEN4013\Arduino\Arduino.SchDoc with 3.3V_LDO from Arduino.SchLib
Replace Part IC3 ATMega328P in E:\Documents\GitHub\ECEN4013\Arduino\Arduino.SchDoc with ATMega328P from Arduino.SchLib
Replace Part J1 USB in E:\Documents\GitHub\ECEN4013\Arduino\Arduino.SchDoc with USB from Arduino.SchLib
Replace Part J2 Power Jack in E:\Documents\GitHub\ECEN4013\Arduino\Arduino.SchDoc with Power Jack from Arduino.SchLib
Replace Part J3 Arduino_Shield in E:\Documents\GitHub\ECEN4013\Arduino\Arduino.SchDoc with Arduino_Shield from Arduino.SchLib
Replace Part J3 Arduino_Shield in E:\Documents\GitHub\ECEN4013\Arduino\Arduino.SchDoc with Arduino_Shield from Arduino.SchLib
Replace Part J3 Arduino_Shield in E:\Documents\GitHub\ECEN4013\Arduino\Arduino.SchDoc with Arduino_Shield from Arduino.SchLib
Replace Part J3 Arduino_Shield in E:\Documents\GitHub\ECEN4013\Arduino\Arduino.SchDoc with Arduino_Shield from Arduino.SchLib
Replace Part J3 Arduino_Shield in E:\Documents\GitHub\ECEN4013\Arduino\Arduino.SchDoc with Arduino_Shield from Arduino.SchLib
Replace Part R1 1206_1K in E:\Documents\GitHub\ECEN4013\Arduino\Arduino.SchDoc with 1206_1K from Arduino.SchLib
Replace Part R2 1206_1K in E:\Documents\GitHub\ECEN4013\Arduino\Arduino.SchDoc with 1206_1K from Arduino.SchLib
Replace Part R3 1206_1M in E:\Documents\GitHub\ECEN4013\Arduino\Arduino.SchDoc with 1206_1M from Arduino.SchLib
Replace Part R4 1206_1K in E:\Documents\GitHub\ECEN4013\Arduino\Arduino.SchDoc with 1206_1K from Arduino.SchLib
Replace Part R5 1206_1K in E:\Documents\GitHub\ECEN4013\Arduino\Arduino.SchDoc with 1206_1K from Arduino.SchLib
Replace Part R6 1206_1K in E:\Documents\GitHub\ECEN4013\Arduino\Arduino.SchDoc with 1206_1K from Arduino.SchLib
Replace Part R7 1206_1K in E:\Documents\GitHub\ECEN4013\Arduino\Arduino.SchDoc with 1206_1K from Arduino.SchLib
Replace Part R8 1206_1M in E:\Documents\GitHub\ECEN4013\Arduino\Arduino.SchDoc with 1206_1M from Arduino.SchLib
Replace Part R9 1206_1K in E:\Documents\GitHub\ECEN4013\Arduino\Arduino.SchDoc with 1206_1K from Arduino.SchLib
Replace Part S1 Push_Button in E:\Documents\GitHub\ECEN4013\Arduino\Arduino.SchDoc with Push_Button from Arduino.SchLib
Replace Part X1 16MHz_Crystal in E:\Documents\GitHub\ECEN4013\Arduino\Arduino.SchDoc with 16MHz_Crystal from Arduino.SchLib
