Change Physical Footprint: Designator=C1 Old Footprint=CAP1206 New Footprint=CAP1206
Change Physical Footprint: Designator=C2 Old Footprint=CAP1206 New Footprint=CAP1206
Change Physical Footprint: Designator=C3 Old Footprint=CAP1206 New Footprint=CAP1206
Change Physical Footprint: Designator=C4 Old Footprint=CAP1206 New Footprint=CAP1206
Change Physical Footprint: Designator=C5 Old Footprint=CAP1206 New Footprint=CAP1206
Change Physical Footprint: Designator=C6 Old Footprint=CAP1206 New Footprint=CAP1206
Change Physical Footprint: Designator=C7 Old Footprint=CAP1206 New Footprint=CAP1206
Change Physical Footprint: Designator=C8 Old Footprint=CAP1206 New Footprint=CAP1206
Change Physical Footprint: Designator=C9 Old Footprint=CAP1206 New Footprint=CAP1206
Change Physical Footprint: Designator=D1 Old Footprint=LED New Footprint=LED
Change Physical Footprint: Designator=D2 Old Footprint=LED New Footprint=LED
Change Physical Footprint: Designator=D3 Old Footprint=LED New Footprint=LED
Change Physical Footprint: Designator=D4 Old Footprint=LED New Footprint=LED
Change Physical Footprint: Designator=D5 Old Footprint=LED New Footprint=LED
Change Physical Footprint: Designator=F1 Old Footprint=FUSE New Footprint=FUSE
Change Physical Footprint: Designator=IC1 Old Footprint=SSOP-28 New Footprint=SSOP-28
Change Physical Footprint: Designator=IC2 Old Footprint=SOT223 New Footprint=SOT223
Change Physical Footprint: Designator=IC3 Old Footprint=TQFP New Footprint=TQFP
Change Physical Footprint: Designator=J1 Old Footprint=XM7D-0512 New Footprint=XM7D-0512
Change Physical Footprint: Designator=J2 Old Footprint=Power_Jack New Footprint=Power_Jack
Change Physical Footprint: Designator=J3 Old Footprint=ARDUINO_SHIELD New Footprint=ARDUINO_SHIELD
Change Physical Footprint: Designator=J4 Old Footprint=3_PIN New Footprint=3_PIN
Change Physical Footprint: Designator=R1 Old Footprint=RES1206 New Footprint=RES1206
Change Physical Footprint: Designator=R2 Old Footprint=RES1206 New Footprint=RES1206
Change Physical Footprint: Designator=R3 Old Footprint=RES1206 New Footprint=RES1206
Change Physical Footprint: Designator=R4 Old Footprint=RES1206 New Footprint=RES1206
Change Physical Footprint: Designator=R5 Old Footprint=RES1206 New Footprint=RES1206
Change Physical Footprint: Designator=R6 Old Footprint=RES1206 New Footprint=RES1206
Change Physical Footprint: Designator=R7 Old Footprint=RES1206 New Footprint=RES1206
Change Physical Footprint: Designator=R8 Old Footprint=RES1206 New Footprint=RES1206
Change Physical Footprint: Designator=R9 Old Footprint=RES1206 New Footprint=RES1206
Change Physical Footprint: Designator=S1 Old Footprint=Switch New Footprint=Switch
Change Physical Footprint: Designator=X1 Old Footprint=Crystal New Footprint=Crystal
